Build started 9/10/2016 6:02:30 PM.
     1>Project "C:\Users\Bassam Arshad\Documents\Visual Studio 2015\Projects\CornerDetectionAlign\CornerDetectionAlign\CornerDetectionAlign.vcxproj" on node 2 (Build target(s)).
     1>ClCompile:
         C:\Program Files (x86)\Microsoft Visual Studio 14.0\VC\bin\x86_amd64\CL.exe /c /I"E:\opencv-3.1.0\opencv\install\x64\vc14\..\..\include" /ZI /nologo /W3 /WX- /sdl /Od /D _DEBUG /D _CONSOLE /D _UNICODE /D UNICODE /Gm /EHsc /RTC1 /MDd /GS /fp:precise /Zc:wchar_t /Zc:forScope /Zc:inline /Fo"x64\Debug\\" /Fd"x64\Debug\vc140.pdb" /Gd /TP /errorReport:prompt Source.cpp
         Source.cpp
     1>c:\users\bassam arshad\documents\visual studio 2015\projects\cornerdetectionalign\cornerdetectionalign\harriscorner.h(51): warning C4244: 'argument': conversion from 'int' to 'float', possible loss of data
     1>c:\users\bassam arshad\documents\visual studio 2015\projects\cornerdetectionalign\cornerdetectionalign\source.cpp(56): warning C4244: 'argument': conversion from 'double' to 'float', possible loss of data
     1>c:\users\bassam arshad\documents\visual studio 2015\projects\cornerdetectionalign\cornerdetectionalign\source.cpp(59): warning C4244: 'argument': conversion from 'double' to 'float', possible loss of data
     1>c:\users\bassam arshad\documents\visual studio 2015\projects\cornerdetectionalign\cornerdetectionalign\source.cpp(313): warning C4244: '=': conversion from 'float' to 'int', possible loss of data
     1>c:\users\bassam arshad\documents\visual studio 2015\projects\cornerdetectionalign\cornerdetectionalign\source.cpp(314): warning C4244: '=': conversion from 'float' to 'int', possible loss of data
     1>c:\users\bassam arshad\documents\visual studio 2015\projects\cornerdetectionalign\cornerdetectionalign\source.cpp(401): warning C4267: 'initializing': conversion from 'size_t' to 'int', possible loss of data
     1>c:\users\bassam arshad\documents\visual studio 2015\projects\cornerdetectionalign\cornerdetectionalign\source.cpp(402): warning C4267: 'initializing': conversion from 'size_t' to 'int', possible loss of data
     1>c:\users\bassam arshad\documents\visual studio 2015\projects\cornerdetectionalign\cornerdetectionalign\source.cpp(445): warning C4267: 'initializing': conversion from 'size_t' to 'int', possible loss of data
     1>c:\users\bassam arshad\documents\visual studio 2015\projects\cornerdetectionalign\cornerdetectionalign\source.cpp(446): warning C4267: 'initializing': conversion from 'size_t' to 'int', possible loss of data
       Link:
         C:\Program Files (x86)\Microsoft Visual Studio 14.0\VC\bin\x86_amd64\link.exe /ERRORREPORT:PROMPT /OUT:"C:\Users\Bassam Arshad\Documents\Visual Studio 2015\Projects\CornerDetectionAlign\x64\Debug\CornerDetectionAlign.exe" /INCREMENTAL /NOLOGO /LIBPATH:"E:\opencv-3.1.0\opencv\install\x64\vc14\lib" opencv_ts310d.lib opencv_imgproc310d.lib opencv_core310d.lib opencv_imgcodecs310d.lib opencv_highgui310d.lib kernel32.lib user32.lib gdi32.lib winspool.lib comdlg32.lib advapi32.lib shell32.lib ole32.lib oleaut32.lib uuid.lib odbc32.lib odbccp32.lib /MANIFEST /MANIFESTUAC:"level='asInvoker' uiAccess='false'" /manifest:embed /Debug /PDB:"C:\Users\Bassam Arshad\Documents\Visual Studio 2015\Projects\CornerDetectionAlign\x64\Debug\CornerDetectionAlign.pdb" /SUBSYSTEM:CONSOLE /TLBID:1 /DYNAMICBASE /NXCOMPAT /IMPLIB:"C:\Users\Bassam Arshad\Documents\Visual Studio 2015\Projects\CornerDetectionAlign\x64\Debug\CornerDetectionAlign.lib" /MACHINE:X64 x64\Debug\Source.obj
         CornerDetectionAlign.vcxproj -> C:\Users\Bassam Arshad\Documents\Visual Studio 2015\Projects\CornerDetectionAlign\x64\Debug\CornerDetectionAlign.exe
     1>Done Building Project "C:\Users\Bassam Arshad\Documents\Visual Studio 2015\Projects\CornerDetectionAlign\CornerDetectionAlign\CornerDetectionAlign.vcxproj" (Build target(s)).

Build succeeded.

Time Elapsed 00:00:02.65
